<?xml version="1.0" encoding="utf-8"?>
<test-run id="2" testcasecount="28" result="Failed(Child)" total="28" passed="27" failed="1" inconclusive="0" skipped="0" asserts="0" engine-version="3.5.0.0" clr-version="4.0.30319.42000" start-time="2026-08-31 10:44:59Z" end-time="2026-08-31 10:45:01Z" duration="1.5097831">
  <test-suite type="TestSuite" id="1075" name="KeepBlinking" fullname="KeepBlinking" runstate="Runnable" testcasecount="59" result="Failed" site="Child" start-time="2026-08-31 10:44:59Z" end-time="2026-08-31 10:45:01Z" duration="1.509783" total="28" passed="27" failed="1" inconclusive="0" skipped="0" asserts="0">
    <properties>
      <property name="platform" value="PlayMode" />
    </properties>
    <failure>
      <message><![CDATA[One or more child tests had errors]]></message>
    </failure>
    <test-suite type="Assembly" id="1068" name="KeepBlinking.PlayModeTests.dll" fullname="D:/111/KeepBlinking/Library/ScriptAssemblies/KeepBlinking.PlayModeTests.dll" runstate="Runnable" testcasecount="59" result="Failed" site="Child" start-time="2026-08-31 10:44:59Z" end-time="2026-08-31 10:45:01Z" duration="1.502780" total="28" passed="27" failed="1" inconclusive="0" skipped="0" asserts="0">
      <properties>
        <property name="_PID" value="39776" />
        <property name="_APPDOMAIN" value="Unity Child Domain" />
        <property name="platform" value="PlayMode" />
        <property name="EditorOnly" value="False" />
      </properties>
      <failure>
        <message><![CDATA[One or more child tests had errors]]></message>
      </failure>
      <test-suite type="TestSuite" id="1069" name="KeepBlinking" fullname="KeepBlinking" runstate="Runnable" testcasecount="59" result="Failed" site="Child" start-time="2026-08-31 10:44:59Z" end-time="2026-08-31 10:45:01Z" duration="1.499059" total="28" passed="27" failed="1" inconclusive="0" skipped="0" asserts="0">
        <properties />
        <failure>
          <message><![CDATA[One or more child tests had errors]]></message>
        </failure>
        <test-suite type="TestSuite" id="1070" name="Tests" fullname="KeepBlinking.Tests" runstate="Runnable" testcasecount="59" result="Failed" site="Child" start-time="2026-08-31 10:44:59Z" end-time="2026-08-31 10:45:01Z" duration="1.497166" total="28" passed="27" failed="1" inconclusive="0" skipped="0" asserts="0">
          <properties />
          <failure>
            <message><![CDATA[One or more child tests had errors]]></message>
          </failure>
          <test-suite type="TestFixture" id="1001" name="CareStationGrayboxPlayModeTests" fullname="KeepBlinking.Tests.CareStationGrayboxPlayModeTests" classname="KeepBlinking.Tests.CareStationGrayboxPlayModeTests" runstate="Runnable" testcasecount="28" result="Failed" site="Child" start-time="2026-08-31 10:44:59Z" end-time="2026-08-31 10:45:01Z" duration="1.494485" total="28" passed="27" failed="1" inconclusive="0" skipped="0" asserts="0">
            <properties />
            <failure>
              <message><![CDATA[One or more child tests had errors]]></message>
            </failure>
            <test-case id="1024" name="CareChecksStartUnselectedAndUseOneTouchScreen" fullname="KeepBlinking.Tests.CareStationGrayboxPlayModeTests.CareChecksStartUnselectedAndUseOneTouchScreen" methodname="CareChecksStartUnselectedAndUseOneTouchScreen" classname="KeepBlinking.Tests.CareStationGrayboxPlayModeTests" runstate="Runnable" seed="818244832" result="Passed" start-time="2026-08-31 10:44:59Z" end-time="2026-08-31 10:45:00Z" duration="0.299828" asserts="0">
              <properties>
                <property name="_JOINTYPE" value="UnityCombinatorial" />
                <property name="retryIteration" value="0" />
                <property name="repeatIteration" value="0" />
              </properties>
            </test-case>
            <test-case id="1022" name="ChangeStepConfirmationAndShiftEndUseExplicitButtons" fullname="KeepBlinking.Tests.CareStationGrayboxPlayModeTests.ChangeStepConfirmationAndShiftEndUseExplicitButtons" methodname="ChangeStepConfirmationAndShiftEndUseExplicitButtons" classname="KeepBlinking.Tests.CareStationGrayboxPlayModeTests" runstate="Runnable" seed="1374458534" result="Passed" start-time="2026-08-31 10:45:00Z" end-time="2026-08-31 10:45:00Z" duration="0.038130" asserts="0">
              <properties>
                <property name="_JOINTYPE" value="UnityCombinatorial" />
                <property name="retryIteration" value="0" />
                <property name="repeatIteration" value="0" />
              </properties>
            </test-case>
            <test-case id="1025" name="DisabledUpgradeExplainsExactResourceShortfall" fullname="KeepBlinking.Tests.CareStationGrayboxPlayModeTests.DisabledUpgradeExplainsExactResourceShortfall" methodname="DisabledUpgradeExplainsExactResourceShortfall" classname="KeepBlinking.Tests.CareStationGrayboxPlayModeTests" runstate="Runnable" seed="801082258" result="Passed" start-time="2026-08-31 10:45:00Z" end-time="2026-08-31 10:45:00Z" duration="0.054191" asserts="0">
              <properties>
                <property name="_JOINTYPE" value="UnityCombinatorial" />
                <property name="retryIteration" value="0" />
                <property name="repeatIteration" value="0" />
              </properties>
            </test-case>
            <test-case id="1023" name="EndedAutoShiftDoesNotCreateAnotherShiftWithoutOfflineGate" fullname="KeepBlinking.Tests.CareStationGrayboxPlayModeTests.EndedAutoShiftDoesNotCreateAnotherShiftWithoutOfflineGate" methodname="EndedAutoShiftDoesNotCreateAnotherShiftWithoutOfflineGate" classname="KeepBlinking.Tests.CareStationGrayboxPlayModeTests" runstate="Runnable" seed="1779582140" result="Passed" start-time="2026-08-31 10:45:00Z" end-time="2026-08-31 10:45:00Z" duration="0.007408" asserts="0">
              <properties>
                <property name="_JOINTYPE" value="UnityCombinatorial" />
                <property name="retryIteration" value="0" />
                <property name="repeatIteration" value="0" />
              </properties>
            </test-case>
            <test-case id="1029" name="FilterArtUsesStationLevelAndProductionStateWithoutChangingEconomy" fullname="KeepBlinking.Tests.CareStationGrayboxPlayModeTests.FilterArtUsesStationLevelAndProductionStateWithoutChangingEconomy" methodname="FilterArtUsesStationLevelAndProductionStateWithoutChangingEconomy" classname="KeepBlinking.Tests.CareStationGrayboxPlayModeTests" runstate="Runnable" seed="1295734150" result="Failed" start-time="2026-08-31 10:45:00Z" end-time="2026-08-31 10:45:00Z" duration="0.052692" asserts="0">
              <properties>
                <property name="_JOINTYPE" value="UnityCombinatorial" />
                <property name="retryIteration" value="0" />
                <property name="repeatIteration" value="0" />
              </properties>
              <failure>
                <message><![CDATA[  Expected: True
  But was:  False
]]></message>
                <stack-trace><![CDATA[at KeepBlinking.Tests.CareStationGrayboxPlayModeTests+<FilterArtUsesStationLevelAndProductionStateWithoutChangingEconomy>d__31.MoveNext () [0x009d6] in D:\111\KeepBlinking\Assets\KeepBlinking\Tests\PlayMode\CareStationGrayboxPlayModeTests.cs:1226
at UnityEngine.TestTools.TestEnumerator+<Execute>d__7.MoveNext () [0x0003a] in .\Library\PackageCache\com.unity.test-framework@7056e7f856e9\UnityEngine.TestRunner\NUnitExtensions\Attributes\TestEnumerator.cs:44
]]></stack-trace>
              </failure>
            </test-case>
            <test-case id="1028" name="FinalStationLayoutKeepsProductionAnimationVisualOnly" fullname="KeepBlinking.Tests.CareStationGrayboxPlayModeTests.FinalStationLayoutKeepsProductionAnimationVisualOnly" methodname="FinalStationLayoutKeepsProductionAnimationVisualOnly" classname="KeepBlinking.Tests.CareStationGrayboxPlayModeTests" runstate="Runnable" seed="884499991" result="Passed" start-time="2026-08-31 10:45:00Z" end-time="2026-08-31 10:45:00Z" duration="0.042704" asserts="0">
              <properties>
                <property name="_JOINTYPE" value="UnityCombinatorial" />
                <property name="retryIteration" value="0" />
                <property name="repeatIteration" value="0" />
              </properties>
            </test-case>
            <test-case id="1011" name="FocusShiftDevelopmentSequenceStillRequiresSixCompleteCycles" fullname="KeepBlinking.Tests.CareStationGrayboxPlayModeTests.FocusShiftDevelopmentSequenceStillRequiresSixCompleteCycles" methodname="FocusShiftDevelopmentSequenceStillRequiresSixCompleteCycles" classname="KeepBlinking.Tests.CareStationGrayboxPlayModeTests" runstate="Runnable" seed="1309828925" result="Passed" start-time="2026-08-31 10:45:00Z" end-time="2026-08-31 10:45:00Z" duration="0.009881" asserts="0">
              <properties>
                <property name="_JOINTYPE" value="UnityCombinatorial" />
                <property name="retryIteration" value="0" />
                <property name="repeatIteration" value="0" />
              </properties>
            </test-case>
            <test-case id="1027" name="FullStorageStationStillShowsCareEntryAndUsableNavigation" fullname="KeepBlinking.Tests.CareStationGrayboxPlayModeTests.FullStorageStationStillShowsCareEntryAndUsableNavigation" methodname="FullStorageStationStillShowsCareEntryAndUsableNavigation" classname="KeepBlinking.Tests.CareStationGrayboxPlayModeTests" runstate="Runnable" seed="622780687" result="Passed" start-time="2026-08-31 10:45:00Z" end-time="2026-08-31 10:45:00Z" duration="0.042995" asserts="0">
              <properties>
                <property name="_JOINTYPE" value="UnityCombinatorial" />
                <property name="retryIteration" value="0" />
                <property name="repeatIteration" value="0" />
              </properties>
            </test-case>
            <test-case id="1012" name="GuidedAndPilotDevelopmentFlowsUseTheirFinalCadence" fullname="KeepBlinking.Tests.CareStationGrayboxPlayModeTests.GuidedAndPilotDevelopmentFlowsUseTheirFinalCadence" methodname="GuidedAndPilotDevelopmentFlowsUseTheirFinalCadence" classname="KeepBlinking.Tests.CareStationGrayboxPlayModeTests" runstate="Runnable" seed="1998907402" result="Passed" start-time="2026-08-31 10:45:00Z" end-time="2026-08-31 10:45:00Z" duration="0.007529" asserts="0">
              <properties>
                <property name="_JOINTYPE" value="UnityCombinatorial" />
                <property name="retryIteration" value="0" />
                <property name="repeatIteration" value="0" />
              </properties>
            </test-case>
            <test-case id="1020" name="LostCareBundleRecoveryPreservesArrivalsAndCompletesOneRemainingFlight" fullname="KeepBlinking.Tests.CareStationGrayboxPlayModeTests.LostCareBundleRecoveryPreservesArrivalsAndCompletesOneRemainingFlight" methodname="LostCareBundleRecoveryPreservesArrivalsAndCompletesOneRemainingFlight" classname="KeepBlinking.Tests.CareStationGrayboxPlayModeTests" runstate="Runnable" seed="1047711285" result="Passed" start-time="2026-08-31 10:45:00Z" end-time="2026-08-31 10:45:00Z" duration="0.004942" asserts="0">
              <properties>
                <property name="_JOINTYPE" value="UnityCombinatorial" />
                <property name="retryIteration" value="0" />
                <property name="repeatIteration" value="0" />
              </properties>
            </test-case>
            <test-case id="1005" name="NewSaveCompletesDistanceResetThenOneCareCollectionBeforeShiftComplete" fullname="KeepBlinking.Tests.CareStationGrayboxPlayModeTests.NewSaveCompletesDistanceResetThenOneCareCollectionBeforeShiftComplete" methodname="NewSaveCompletesDistanceResetThenOneCareCollectionBeforeShiftComplete" classname="KeepBlinking.Tests.CareStationGrayboxPlayModeTests" runstate="Runnable" seed="1566434787" result="Passed" start-time="2026-08-31 10:45:00Z" end-time="2026-08-31 10:45:00Z" duration="0.006755" asserts="0">
              <properties>
                <property name="_JOINTYPE" value="UnityCombinatorial" />
                <property name="retryIteration" value="0" />
                <property name="repeatIteration" value="0" />
              </properties>
            </test-case>
            <test-case id="1004" name="OfflineProductionAndCareBottlesUseSeparateSettlementAndDistanceGate" fullname="KeepBlinking.Tests.CareStationGrayboxPlayModeTests.OfflineProductionAndCareBottlesUseSeparateSettlementAndDistanceGate" methodname="OfflineProductionAndCareBottlesUseSeparateSettlementAndDistanceGate" classname="KeepBlinking.Tests.CareStationGrayboxPlayModeTests" runstate="Runnable" seed="1446898818" result="Passed" start-time="2026-08-31 10:45:00Z" end-time="2026-08-31 10:45:00Z" duration="0.004980" asserts="0">
              <properties>
                <property name="_JOINTYPE" value="UnityCombinatorial" />
                <property name="retryIteration" value="0" />
                <property name="repeatIteration" value="0" />
              </properties>
            </test-case>
            <test-case id="1007" name="OfflineRewardAutoStoresBeforeIndependentDistanceResetAndCareCollection" fullname="KeepBlinking.Tests.CareStationGrayboxPlayModeTests.OfflineRewardAutoStoresBeforeIndependentDistanceResetAndCareCollection" methodname="OfflineRewardAutoStoresBeforeIndependentDistanceResetAndCareCollection" classname="KeepBlinking.Tests.CareStationGrayboxPlayModeTests" runstate="Runnable" seed="2048953706" result="Passed" start-time="2026-08-31 10:45:00Z" end-time="2026-08-31 10:45:00Z" duration="0.006456" asserts="0">
              <properties>
                <property name="_JOINTYPE" value="UnityCombinatorial" />
                <property name="retryIteration" value="0" />
                <property name="repeatIteration" value="0" />
              </properties>
            </test-case>
            <test-case id="1015" name="PilotFullscreenOverlayHidesStationAndUsesMostOfTheSafeArea" fullname="KeepBlinking.Tests.CareStationGrayboxPlayModeTests.PilotFullscreenOverlayHidesStationAndUsesMostOfTheSafeArea" methodname="PilotFullscreenOverlayHidesStationAndUsesMostOfTheSafeArea" classname="KeepBlinking.Tests.CareStationGrayboxPlayModeTests" runstate="Runnable" seed="2111863661" result="Passed" start-time="2026-08-31 10:45:00Z" end-time="2026-08-31 10:45:00Z" duration="0.043501" asserts="0">
              <properties>
                <property name="_JOINTYPE" value="UnityCombinatorial" />
                <property name="retryIteration" value="0" />
                <property name="repeatIteration" value="0" />
              </properties>
            </test-case>
            <test-case id="1014" name="PilotGrayboxUsesAxisLabelsAndKeepsPupilsInsideTheEyes" fullname="KeepBlinking.Tests.CareStationGrayboxPlayModeTests.PilotGrayboxUsesAxisLabelsAndKeepsPupilsInsideTheEyes" methodname="PilotGrayboxUsesAxisLabelsAndKeepsPupilsInsideTheEyes" classname="KeepBlinking.Tests.CareStationGrayboxPlayModeTests" runstate="Runnable" seed="643270569" result="Passed" start-time="2026-08-31 10:45:00Z" end-time="2026-08-31 10:45:00Z" duration="0.037814" asserts="0">
              <properties>
                <property name="_JOINTYPE" value="UnityCombinatorial" />
                <property name="retryIteration" value="0" />
                <property name="repeatIteration" value="0" />
              </properties>
            </test-case>
            <test-case id="1013" name="PilotStepAdvancesOnlyToAdjacentGuidedWithoutProducingBottles" fullname="KeepBlinking.Tests.CareStationGrayboxPlayModeTests.PilotStepAdvancesOnlyToAdjacentGuidedWithoutProducingBottles" methodname="PilotStepAdvancesOnlyToAdjacentGuidedWithoutProducingBottles" classname="KeepBlinking.Tests.CareStationGrayboxPlayModeTests" runstate="Runnable" seed="700786865" result="Passed" start-time="2026-08-31 10:45:00Z" end-time="2026-08-31 10:45:00Z" duration="0.006886" asserts="0">
              <properties>
                <property name="_JOINTYPE" value="UnityCombinatorial" />
                <property name="retryIteration" value="0" />
                <property name="repeatIteration" value="0" />
              </properties>
            </test-case>
            <test-case id="1016" name="PilotToGuidedKeepsOneFullscreenOverlayUntilReliableOpenCompletes" fullname="KeepBlinking.Tests.CareStationGrayboxPlayModeTests.PilotToGuidedKeepsOneFullscreenOverlayUntilReliableOpenCompletes" methodname="PilotToGuidedKeepsOneFullscreenOverlayUntilReliableOpenCompletes" classname="KeepBlinking.Tests.CareStationGrayboxPlayModeTests" runstate="Runnable" seed="1628511539" result="Passed" start-time="2026-08-31 10:45:00Z" end-time="2026-08-31 10:45:01Z" duration="0.543425" asserts="0">
              <properties>
                <property name="_JOINTYPE" value="UnityCombinatorial" />
                <property name="retryIteration" value="0" />
                <property name="repeatIteration" value="0" />
              </properties>
            </test-case>
            <test-case id="1006" name="PushTimelineUsesAwayThenNewCloserOrigin" fullname="KeepBlinking.Tests.CareStationGrayboxPlayModeTests.PushTimelineUsesAwayThenNewCloserOrigin" methodname="PushTimelineUsesAwayThenNewCloserOrigin" classname="KeepBlinking.Tests.CareStationGrayboxPlayModeTests" runstate="Runnable" seed="375165125" result="Passed" start-time="2026-08-31 10:45:01Z" end-time="2026-08-31 10:45:01Z" duration="0.004152" asserts="0">
              <properties>
                <property name="_JOINTYPE" value="UnityCombinatorial" />
                <property name="retryIteration" value="0" />
                <property name="repeatIteration" value="0" />
              </properties>
            </test-case>
            <test-case id="1017" name="RecipeOnlyUnlocksCareBottleProductionAfterItsFinalAction" fullname="KeepBlinking.Tests.CareStationGrayboxPlayModeTests.RecipeOnlyUnlocksCareBottleProductionAfterItsFinalAction" methodname="RecipeOnlyUnlocksCareBottleProductionAfterItsFinalAction" classname="KeepBlinking.Tests.CareStationGrayboxPlayModeTests" runstate="Runnable" seed="156891556" result="Passed" start-time="2026-08-31 10:45:01Z" end-time="2026-08-31 10:45:01Z" duration="0.004288" asserts="0">
              <properties>
                <property name="_JOINTYPE" value="UnityCombinatorial" />
                <property name="retryIteration" value="0" />
                <property name="repeatIteration" value="0" />
              </properties>
            </test-case>
            <test-case id="1018" name="RecipeViewShowsTrainingAndPipelineProgressWithoutChangingResources" fullname="KeepBlinking.Tests.CareStationGrayboxPlayModeTests.RecipeViewShowsTrainingAndPipelineProgressWithoutChangingResources" methodname="RecipeViewShowsTrainingAndPipelineProgressWithoutChangingResources" classname="KeepBlinking.Tests.CareStationGrayboxPlayModeTests" runstate="Runnable" seed="677383832" result="Passed" start-time="2026-08-31 10:45:01Z" end-time="2026-08-31 10:45:01Z" duration="0.038108" asserts="0">
              <properties>
                <property name="_JOINTYPE" value="UnityCombinatorial" />
                <property name="retryIteration" value="0" />
                <property name="repeatIteration" value="0" />
              </properties>
            </test-case>
            <test-case id="1021" name="RetiredScreenTaskAndDeveloperSkipAreNotAvailable" fullname="KeepBlinking.Tests.CareStationGrayboxPlayModeTests.RetiredScreenTaskAndDeveloperSkipAreNotAvailable" methodname="RetiredScreenTaskAndDeveloperSkipAreNotAvailable" classname="KeepBlinking.Tests.CareStationGrayboxPlayModeTests" runstate="Runnable" seed="1868121304" result="Passed" start-time="2026-08-31 10:45:01Z" end-time="2026-08-31 10:45:01Z" duration="0.040133" asserts="0">
              <properties>
                <property name="_JOINTYPE" value="UnityCombinatorial" />
                <property name="retryIteration" value="0" />
                <property name="repeatIteration" value="0" />
              </properties>
            </test-case>
            <test-case id="1019" name="StationInspectionCompletesFourActionsBeforeRewardCanSettle" fullname="KeepBlinking.Tests.CareStationGrayboxPlayModeTests.StationInspectionCompletesFourActionsBeforeRewardCanSettle" methodname="StationInspectionCompletesFourActionsBeforeRewardCanSettle" classname="KeepBlinking.Tests.CareStationGrayboxPlayModeTests" runstate="Runnable" seed="1535471627" result="Passed" start-time="2026-08-31 10:45:01Z" end-time="2026-08-31 10:45:01Z" duration="0.007057" asserts="0">
              <properties>
                <property name="_JOINTYPE" value="UnityCombinatorial" />
                <property name="retryIteration" value="0" />
                <property name="repeatIteration" value="0" />
              </properties>
            </test-case>
            <test-case id="1003" name="ThreeShiftGrayboxLoopSettlesOnArrivalThenContinues" fullname="KeepBlinking.Tests.CareStationGrayboxPlayModeTests.ThreeShiftGrayboxLoopSettlesOnArrivalThenContinues" methodname="ThreeShiftGrayboxLoopSettlesOnArrivalThenContinues" classname="KeepBlinking.Tests.CareStationGrayboxPlayModeTests" runstate="Runnable" seed="1531424076" result="Passed" start-time="2026-08-31 10:45:01Z" end-time="2026-08-31 10:45:01Z" duration="0.006646" asserts="0">
              <properties>
                <property name="_JOINTYPE" value="UnityCombinatorial" />
                <property name="retryIteration" value="0" />
                <property name="repeatIteration" value="0" />
              </properties>
            </test-case>
            <test-case id="1009" name="UnifiedCareActionLibraryCompletesWithoutChangingStationResources" fullname="KeepBlinking.Tests.CareStationGrayboxPlayModeTests.UnifiedCareActionLibraryCompletesWithoutChangingStationResources" methodname="UnifiedCareActionLibraryCompletesWithoutChangingStationResources" classname="KeepBlinking.Tests.CareStationGrayboxPlayModeTests" runstate="Runnable" seed="34069354" result="Passed" start-time="2026-08-31 10:45:01Z" end-time="2026-08-31 10:45:01Z" duration="0.005330" asserts="0">
              <properties>
                <property name="_JOINTYPE" value="UnityCombinatorial" />
                <property name="retryIteration" value="0" />
                <property name="repeatIteration" value="0" />
              </properties>
            </test-case>
            <test-case id="1002" name="UnifiedClosedEyeRunnerPlaysEachCueOnlyOnce" fullname="KeepBlinking.Tests.CareStationGrayboxPlayModeTests.UnifiedClosedEyeRunnerPlaysEachCueOnlyOnce" methodname="UnifiedClosedEyeRunnerPlaysEachCueOnlyOnce" classname="KeepBlinking.Tests.CareStationGrayboxPlayModeTests" runstate="Runnable" seed="14793614" result="Passed" start-time="2026-08-31 10:45:01Z" end-time="2026-08-31 10:45:01Z" duration="0.040746" asserts="0">
              <properties>
                <property name="_JOINTYPE" value="UnityCombinatorial" />
                <property name="retryIteration" value="0" />
                <property name="repeatIteration" value="0" />
              </properties>
              <output><![CDATA[[CareVoice:rest-close] GENTLY CLOSE YOUR EYES.
[CareVoice:rest-ready-open] REST COMPLETE. GENTLY OPEN YOUR EYES.
]]></output>
            </test-case>
            <test-case id="1026" name="UpgradeOverlayKeepsNavigationAndBackToStationClickable" fullname="KeepBlinking.Tests.CareStationGrayboxPlayModeTests.UpgradeOverlayKeepsNavigationAndBackToStationClickable" methodname="UpgradeOverlayKeepsNavigationAndBackToStationClickable" classname="KeepBlinking.Tests.CareStationGrayboxPlayModeTests" runstate="Runnable" seed="344828301" result="Passed" start-time="2026-08-31 10:45:01Z" end-time="2026-08-31 10:45:01Z" duration="0.043864" asserts="0">
              <properties>
                <property name="_JOINTYPE" value="UnityCombinatorial" />
                <property name="retryIteration" value="0" />
                <property name="repeatIteration" value="0" />
              </properties>
            </test-case>
            <test-case id="1010" name="WorkerLevelsRemainEconomicDataWhileWorkshopWorkersStayHidden" fullname="KeepBlinking.Tests.CareStationGrayboxPlayModeTests.WorkerLevelsRemainEconomicDataWhileWorkshopWorkersStayHidden" methodname="WorkerLevelsRemainEconomicDataWhileWorkshopWorkersStayHidden" classname="KeepBlinking.Tests.CareStationGrayboxPlayModeTests" runstate="Runnable" seed="234813430" result="Passed" start-time="2026-08-31 10:45:01Z" end-time="2026-08-31 10:45:01Z" duration="0.035812" asserts="0">
              <properties>
                <property name="_JOINTYPE" value="UnityCombinatorial" />
                <property name="retryIteration" value="0" />
                <property name="repeatIteration" value="0" />
              </properties>
            </test-case>
            <test-case id="1008" name="WorkshopStationVisualPassHidesLegacyWorkers" fullname="KeepBlinking.Tests.CareStationGrayboxPlayModeTests.WorkshopStationVisualPassHidesLegacyWorkers" methodname="WorkshopStationVisualPassHidesLegacyWorkers" classname="KeepBlinking.Tests.CareStationGrayboxPlayModeTests" runstate="Runnable" seed="863328814" result="Passed" start-time="2026-08-31 10:45:01Z" end-time="2026-08-31 10:45:01Z" duration="0.044085" asserts="0">
              <properties>
                <property name="_JOINTYPE" value="UnityCombinatorial" />
                <property name="retryIteration" value="0" />
                <property name="repeatIteration" value="0" />
              </properties>
              <output><![CDATA[<b><color=#2EA3FF>MCP-FOR-UNITY</color></b>: [TestRunnerNoThrottle] Restored Interaction Mode after test run.
Saving results to: C:/Users/yuyixuan/AppData/LocalLow/DefaultCompany/KeepBlinking\TestResults.xml
]]></output>
            </test-case>
          </test-suite>
        </test-suite>
      </test-suite>
    </test-suite>
  </test-suite>
</test-run>