<?xml version="1.0" encoding="utf-8"?>
<test-run id="2" testcasecount="0" result="Passed" total="0" passed="0" failed="0" inconclusive="0" skipped="0" asserts="0" engine-version="3.5.0.0" clr-version="4.0.30319.42000" start-time="2026-08-31 10:34:59Z" end-time="2026-08-31 10:34:59Z" duration="0.0023759">
  <test-suite type="TestSuite" id="1075" name="KeepBlinking" fullname="KeepBlinking" runstate="Runnable" testcasecount="59" result="Passed" start-time="2026-08-31 10:34:59Z" end-time="2026-08-31 10:34:59Z" duration="0.002376" total="0" passed="0" failed="0" inconclusive="0" skipped="0" asserts="0">
    <properties>
      <property name="platform" value="PlayMode" />
    </properties>
  </test-suite>
</test-run>