<?xml version="1.0" encoding="utf-8"?>
<test-run id="2" testcasecount="28" result="Failed(Child)" total="28" passed="19" failed="9" inconclusive="0" skipped="0" asserts="0" engine-version="3.5.0.0" clr-version="4.0.30319.42000" start-time="2026-08-31 10:39:59Z" end-time="2026-08-31 10:40:01Z" duration="1.9300012">
  <test-suite type="TestSuite" id="1075" name="KeepBlinking" fullname="KeepBlinking" runstate="Runnable" testcasecount="59" result="Failed" site="Child" start-time="2026-08-31 10:39:59Z" end-time="2026-08-31 10:40:01Z" duration="1.930001" total="28" passed="19" failed="9" inconclusive="0" skipped="0" asserts="0">
    <properties>
      <property name="platform" value="PlayMode" />
    </properties>
    <failure>
      <message><![CDATA[One or more child tests had errors]]></message>
    </failure>
    <test-suite type="Assembly" id="1068" name="KeepBlinking.PlayModeTests.dll" fullname="D:/111/KeepBlinking/Library/ScriptAssemblies/KeepBlinking.PlayModeTests.dll" runstate="Runnable" testcasecount="59" result="Failed" site="Child" start-time="2026-08-31 10:39:59Z" end-time="2026-08-31 10:40:01Z" duration="1.922993" total="28" passed="19" failed="9" inconclusive="0" skipped="0" asserts="0">
      <properties>
        <property name="_PID" value="27464" />
        <property name="_APPDOMAIN" value="Unity Child Domain" />
        <property name="platform" value="PlayMode" />
        <property name="EditorOnly" value="False" />
      </properties>
      <failure>
        <message><![CDATA[One or more child tests had errors]]></message>
      </failure>
      <test-suite type="TestSuite" id="1069" name="KeepBlinking" fullname="KeepBlinking" runstate="Runnable" testcasecount="59" result="Failed" site="Child" start-time="2026-08-31 10:39:59Z" end-time="2026-08-31 10:40:01Z" duration="1.918917" total="28" passed="19" failed="9" inconclusive="0" skipped="0" asserts="0">
        <properties />
        <failure>
          <message><![CDATA[One or more child tests had errors]]></message>
        </failure>
        <test-suite type="TestSuite" id="1070" name="Tests" fullname="KeepBlinking.Tests" runstate="Runnable" testcasecount="59" result="Failed" site="Child" start-time="2026-08-31 10:39:59Z" end-time="2026-08-31 10:40:01Z" duration="1.916462" total="28" passed="19" failed="9" inconclusive="0" skipped="0" asserts="0">
          <properties />
          <failure>
            <message><![CDATA[One or more child tests had errors]]></message>
          </failure>
          <test-suite type="TestFixture" id="1001" name="CareStationGrayboxPlayModeTests" fullname="KeepBlinking.Tests.CareStationGrayboxPlayModeTests" classname="KeepBlinking.Tests.CareStationGrayboxPlayModeTests" runstate="Runnable" testcasecount="28" result="Failed" site="Child" start-time="2026-08-31 10:39:59Z" end-time="2026-08-31 10:40:01Z" duration="1.912984" total="28" passed="19" failed="9" inconclusive="0" skipped="0" asserts="0">
            <properties />
            <failure>
              <message><![CDATA[One or more child tests had errors]]></message>
            </failure>
            <test-case id="1024" name="CareChecksStartUnselectedAndUseOneTouchScreen" fullname="KeepBlinking.Tests.CareStationGrayboxPlayModeTests.CareChecksStartUnselectedAndUseOneTouchScreen" methodname="CareChecksStartUnselectedAndUseOneTouchScreen" classname="KeepBlinking.Tests.CareStationGrayboxPlayModeTests" runstate="Runnable" seed="1573271115" result="Passed" start-time="2026-08-31 10:39:59Z" end-time="2026-08-31 10:40:00Z" duration="0.299475" asserts="0">
              <properties>
                <property name="_JOINTYPE" value="UnityCombinatorial" />
                <property name="retryIteration" value="0" />
                <property name="repeatIteration" value="0" />
              </properties>
            </test-case>
            <test-case id="1022" name="ChangeStepConfirmationAndShiftEndUseExplicitButtons" fullname="KeepBlinking.Tests.CareStationGrayboxPlayModeTests.ChangeStepConfirmationAndShiftEndUseExplicitButtons" methodname="ChangeStepConfirmationAndShiftEndUseExplicitButtons" classname="KeepBlinking.Tests.CareStationGrayboxPlayModeTests" runstate="Runnable" seed="1971172078" result="Failed" start-time="2026-08-31 10:40:00Z" end-time="2026-08-31 10:40:00Z" duration="0.037489" asserts="0">
              <properties>
                <property name="_JOINTYPE" value="UnityCombinatorial" />
                <property name="retryIteration" value="0" />
                <property name="repeatIteration" value="0" />
              </properties>
              <failure>
                <message><![CDATA[  Expected: True
  But was:  False
]]></message>
                <stack-trace><![CDATA[at KeepBlinking.Tests.CareStationGrayboxPlayModeTests+<ChangeStepConfirmationAndShiftEndUseExplicitButtons>d__24.MoveNext () [0x002b4] in D:\111\KeepBlinking\Assets\KeepBlinking\Tests\PlayMode\CareStationGrayboxPlayModeTests.cs:874
at UnityEngine.TestTools.TestEnumerator+<Execute>d__7.MoveNext () [0x0003a] in .\Library\PackageCache\com.unity.test-framework@7056e7f856e9\UnityEngine.TestRunner\NUnitExtensions\Attributes\TestEnumerator.cs:44
]]></stack-trace>
              </failure>
            </test-case>
            <test-case id="1025" name="DisabledUpgradeExplainsExactResourceShortfall" fullname="KeepBlinking.Tests.CareStationGrayboxPlayModeTests.DisabledUpgradeExplainsExactResourceShortfall" methodname="DisabledUpgradeExplainsExactResourceShortfall" classname="KeepBlinking.Tests.CareStationGrayboxPlayModeTests" runstate="Runnable" seed="1872202778" result="Failed" start-time="2026-08-31 10:40:00Z" end-time="2026-08-31 10:40:00Z" duration="0.045428" asserts="0">
              <properties>
                <property name="_JOINTYPE" value="UnityCombinatorial" />
                <property name="retryIteration" value="0" />
                <property name="repeatIteration" value="0" />
              </properties>
              <failure>
                <message><![CDATA[  Expected: True
  But was:  False
]]></message>
                <stack-trace><![CDATA[at KeepBlinking.Tests.CareStationGrayboxPlayModeTests+<DisabledUpgradeExplainsExactResourceShortfall>d__27.MoveNext () [0x00113] in D:\111\KeepBlinking\Assets\KeepBlinking\Tests\PlayMode\CareStationGrayboxPlayModeTests.cs:953
at UnityEngine.TestTools.TestEnumerator+<Execute>d__7.MoveNext () [0x0003a] in .\Library\PackageCache\com.unity.test-framework@7056e7f856e9\UnityEngine.TestRunner\NUnitExtensions\Attributes\TestEnumerator.cs:44
]]></stack-trace>
              </failure>
            </test-case>
            <test-case id="1023" name="EndedAutoShiftDoesNotCreateAnotherShiftWithoutOfflineGate" fullname="KeepBlinking.Tests.CareStationGrayboxPlayModeTests.EndedAutoShiftDoesNotCreateAnotherShiftWithoutOfflineGate" methodname="EndedAutoShiftDoesNotCreateAnotherShiftWithoutOfflineGate" classname="KeepBlinking.Tests.CareStationGrayboxPlayModeTests" runstate="Runnable" seed="1044710630" result="Passed" start-time="2026-08-31 10:40:00Z" end-time="2026-08-31 10:40:00Z" duration="0.007090" asserts="0">
              <properties>
                <property name="_JOINTYPE" value="UnityCombinatorial" />
                <property name="retryIteration" value="0" />
                <property name="repeatIteration" value="0" />
              </properties>
            </test-case>
            <test-case id="1029" name="FilterArtUsesStationLevelAndProductionStateWithoutChangingEconomy" fullname="KeepBlinking.Tests.CareStationGrayboxPlayModeTests.FilterArtUsesStationLevelAndProductionStateWithoutChangingEconomy" methodname="FilterArtUsesStationLevelAndProductionStateWithoutChangingEconomy" classname="KeepBlinking.Tests.CareStationGrayboxPlayModeTests" runstate="Runnable" seed="857558596" result="Failed" start-time="2026-08-31 10:40:00Z" end-time="2026-08-31 10:40:00Z" duration="0.037985" asserts="0">
              <properties>
                <property name="_JOINTYPE" value="UnityCombinatorial" />
                <property name="retryIteration" value="0" />
                <property name="repeatIteration" value="0" />
              </properties>
              <failure>
                <message><![CDATA[  Expected: True
  But was:  False
]]></message>
                <stack-trace><![CDATA[at KeepBlinking.Tests.CareStationGrayboxPlayModeTests+<FilterArtUsesStationLevelAndProductionStateWithoutChangingEconomy>d__31.MoveNext () [0x00709] in D:\111\KeepBlinking\Assets\KeepBlinking\Tests\PlayMode\CareStationGrayboxPlayModeTests.cs:1176
at UnityEngine.TestTools.TestEnumerator+<Execute>d__7.MoveNext () [0x0003a] in .\Library\PackageCache\com.unity.test-framework@7056e7f856e9\UnityEngine.TestRunner\NUnitExtensions\Attributes\TestEnumerator.cs:44
]]></stack-trace>
              </failure>
            </test-case>
            <test-case id="1028" name="FinalStationLayoutKeepsProductionAnimationVisualOnly" fullname="KeepBlinking.Tests.CareStationGrayboxPlayModeTests.FinalStationLayoutKeepsProductionAnimationVisualOnly" methodname="FinalStationLayoutKeepsProductionAnimationVisualOnly" classname="KeepBlinking.Tests.CareStationGrayboxPlayModeTests" runstate="Runnable" seed="901078719" result="Failed" start-time="2026-08-31 10:40:00Z" end-time="2026-08-31 10:40:00Z" duration="0.526826" asserts="0">
              <properties>
                <property name="_JOINTYPE" value="UnityCombinatorial" />
                <property name="retryIteration" value="0" />
                <property name="repeatIteration" value="0" />
              </properties>
              <failure>
                <message><![CDATA[  Expected: 0.310000002f +/- 0.00100000005f
  But was:  0.204999998f
]]></message>
                <stack-trace><![CDATA[at KeepBlinking.Tests.CareStationGrayboxPlayModeTests+<FinalStationLayoutKeepsProductionAnimationVisualOnly>d__30.MoveNext () [0x0015e] in D:\111\KeepBlinking\Assets\KeepBlinking\Tests\PlayMode\CareStationGrayboxPlayModeTests.cs:1083
at UnityEngine.TestTools.TestEnumerator+<Execute>d__7.MoveNext () [0x0003a] in .\Library\PackageCache\com.unity.test-framework@7056e7f856e9\UnityEngine.TestRunner\NUnitExtensions\Attributes\TestEnumerator.cs:44
]]></stack-trace>
              </failure>
            </test-case>
            <test-case id="1011" name="FocusShiftDevelopmentSequenceStillRequiresSixCompleteCycles" fullname="KeepBlinking.Tests.CareStationGrayboxPlayModeTests.FocusShiftDevelopmentSequenceStillRequiresSixCompleteCycles" methodname="FocusShiftDevelopmentSequenceStillRequiresSixCompleteCycles" classname="KeepBlinking.Tests.CareStationGrayboxPlayModeTests" runstate="Runnable" seed="1679761015" result="Passed" start-time="2026-08-31 10:40:00Z" end-time="2026-08-31 10:40:00Z" duration="0.008052" asserts="0">
              <properties>
                <property name="_JOINTYPE" value="UnityCombinatorial" />
                <property name="retryIteration" value="0" />
                <property name="repeatIteration" value="0" />
              </properties>
            </test-case>
            <test-case id="1027" name="FullStorageStationStillShowsCareEntryAndUsableNavigation" fullname="KeepBlinking.Tests.CareStationGrayboxPlayModeTests.FullStorageStationStillShowsCareEntryAndUsableNavigation" methodname="FullStorageStationStillShowsCareEntryAndUsableNavigation" classname="KeepBlinking.Tests.CareStationGrayboxPlayModeTests" runstate="Runnable" seed="258204224" result="Passed" start-time="2026-08-31 10:40:00Z" end-time="2026-08-31 10:40:01Z" duration="0.039583" asserts="0">
              <properties>
                <property name="_JOINTYPE" value="UnityCombinatorial" />
                <property name="retryIteration" value="0" />
                <property name="repeatIteration" value="0" />
              </properties>
            </test-case>
            <test-case id="1012" name="GuidedAndPilotDevelopmentFlowsUseTheirFinalCadence" fullname="KeepBlinking.Tests.CareStationGrayboxPlayModeTests.GuidedAndPilotDevelopmentFlowsUseTheirFinalCadence" methodname="GuidedAndPilotDevelopmentFlowsUseTheirFinalCadence" classname="KeepBlinking.Tests.CareStationGrayboxPlayModeTests" runstate="Runnable" seed="670998827" result="Passed" start-time="2026-08-31 10:40:01Z" end-time="2026-08-31 10:40:01Z" duration="0.006095" asserts="0">
              <properties>
                <property name="_JOINTYPE" value="UnityCombinatorial" />
                <property name="retryIteration" value="0" />
                <property name="repeatIteration" value="0" />
              </properties>
            </test-case>
            <test-case id="1020" name="LostCareBundleRecoveryPreservesArrivalsAndCompletesOneRemainingFlight" fullname="KeepBlinking.Tests.CareStationGrayboxPlayModeTests.LostCareBundleRecoveryPreservesArrivalsAndCompletesOneRemainingFlight" methodname="LostCareBundleRecoveryPreservesArrivalsAndCompletesOneRemainingFlight" classname="KeepBlinking.Tests.CareStationGrayboxPlayModeTests" runstate="Runnable" seed="1238643770" result="Passed" start-time="2026-08-31 10:40:01Z" end-time="2026-08-31 10:40:01Z" duration="0.005668" asserts="0">
              <properties>
                <property name="_JOINTYPE" value="UnityCombinatorial" />
                <property name="retryIteration" value="0" />
                <property name="repeatIteration" value="0" />
              </properties>
            </test-case>
            <test-case id="1005" name="NewSaveCompletesDistanceResetThenOneCareCollectionBeforeShiftComplete" fullname="KeepBlinking.Tests.CareStationGrayboxPlayModeTests.NewSaveCompletesDistanceResetThenOneCareCollectionBeforeShiftComplete" methodname="NewSaveCompletesDistanceResetThenOneCareCollectionBeforeShiftComplete" classname="KeepBlinking.Tests.CareStationGrayboxPlayModeTests" runstate="Runnable" seed="734441876" result="Passed" start-time="2026-08-31 10:40:01Z" end-time="2026-08-31 10:40:01Z" duration="0.007023" asserts="0">
              <properties>
                <property name="_JOINTYPE" value="UnityCombinatorial" />
                <property name="retryIteration" value="0" />
                <property name="repeatIteration" value="0" />
              </properties>
            </test-case>
            <test-case id="1004" name="OfflineProductionAndCareBottlesUseSeparateSettlementAndDistanceGate" fullname="KeepBlinking.Tests.CareStationGrayboxPlayModeTests.OfflineProductionAndCareBottlesUseSeparateSettlementAndDistanceGate" methodname="OfflineProductionAndCareBottlesUseSeparateSettlementAndDistanceGate" classname="KeepBlinking.Tests.CareStationGrayboxPlayModeTests" runstate="Runnable" seed="361154613" result="Failed" start-time="2026-08-31 10:40:01Z" end-time="2026-08-31 10:40:01Z" duration="0.003359" asserts="0">
              <properties>
                <property name="_JOINTYPE" value="UnityCombinatorial" />
                <property name="retryIteration" value="0" />
                <property name="repeatIteration" value="0" />
              </properties>
              <failure>
                <message><![CDATA[  Expected: 48
  But was:  0
]]></message>
                <stack-trace><![CDATA[at KeepBlinking.Tests.CareStationGrayboxPlayModeTests+<OfflineProductionAndCareBottlesUseSeparateSettlementAndDistanceGate>d__3.MoveNext () [0x00074] in D:\111\KeepBlinking\Assets\KeepBlinking\Tests\PlayMode\CareStationGrayboxPlayModeTests.cs:102
at UnityEngine.TestTools.TestEnumerator+<Execute>d__7.MoveNext () [0x0003a] in .\Library\PackageCache\com.unity.test-framework@7056e7f856e9\UnityEngine.TestRunner\NUnitExtensions\Attributes\TestEnumerator.cs:44
]]></stack-trace>
              </failure>
            </test-case>
            <test-case id="1007" name="OfflineRewardAutoStoresBeforeIndependentDistanceResetAndCareCollection" fullname="KeepBlinking.Tests.CareStationGrayboxPlayModeTests.OfflineRewardAutoStoresBeforeIndependentDistanceResetAndCareCollection" methodname="OfflineRewardAutoStoresBeforeIndependentDistanceResetAndCareCollection" classname="KeepBlinking.Tests.CareStationGrayboxPlayModeTests" runstate="Runnable" seed="496062371" result="Failed" start-time="2026-08-31 10:40:01Z" end-time="2026-08-31 10:40:01Z" duration="0.003352" asserts="0">
              <properties>
                <property name="_JOINTYPE" value="UnityCombinatorial" />
                <property name="retryIteration" value="0" />
                <property name="repeatIteration" value="0" />
              </properties>
              <failure>
                <message><![CDATA[  Expected: 48
  But was:  0
]]></message>
                <stack-trace><![CDATA[at KeepBlinking.Tests.CareStationGrayboxPlayModeTests+<OfflineRewardAutoStoresBeforeIndependentDistanceResetAndCareCollection>d__6.MoveNext () [0x00064] in D:\111\KeepBlinking\Assets\KeepBlinking\Tests\PlayMode\CareStationGrayboxPlayModeTests.cs:230
at UnityEngine.TestTools.TestEnumerator+<Execute>d__7.MoveNext () [0x0003a] in .\Library\PackageCache\com.unity.test-framework@7056e7f856e9\UnityEngine.TestRunner\NUnitExtensions\Attributes\TestEnumerator.cs:44
]]></stack-trace>
              </failure>
            </test-case>
            <test-case id="1015" name="PilotFullscreenOverlayHidesStationAndUsesMostOfTheSafeArea" fullname="KeepBlinking.Tests.CareStationGrayboxPlayModeTests.PilotFullscreenOverlayHidesStationAndUsesMostOfTheSafeArea" methodname="PilotFullscreenOverlayHidesStationAndUsesMostOfTheSafeArea" classname="KeepBlinking.Tests.CareStationGrayboxPlayModeTests" runstate="Runnable" seed="1786278759" result="Failed" label="Error" start-time="2026-08-31 10:40:01Z" end-time="2026-08-31 10:40:01Z" duration="0.037328" asserts="0">
              <properties>
                <property name="_JOINTYPE" value="UnityCombinatorial" />
                <property name="retryIteration" value="0" />
                <property name="repeatIteration" value="0" />
              </properties>
              <failure>
                <message><![CDATA[System.InvalidOperationException : Sequence contains no matching element]]></message>
                <stack-trace><![CDATA[  at System.Linq.Enumerable.First[TSource] (System.Collections.Generic.IEnumerable`1[T] source, System.Func`2[T,TResult] predicate) [0x00011] in <504728fa4de640bebd6545076ade529a>:0 
  at KeepBlinking.Tests.CareStationGrayboxPlayModeTests+<PilotFullscreenOverlayHidesStationAndUsesMostOfTheSafeArea>d__14.MoveNext () [0x00301] in D:\111\KeepBlinking\Assets\KeepBlinking\Tests\PlayMode\CareStationGrayboxPlayModeTests.cs:513 
  at UnityEngine.TestTools.TestEnumerator+<Execute>d__7.MoveNext () [0x0003a] in .\Library\PackageCache\com.unity.test-framework@7056e7f856e9\UnityEngine.TestRunner\NUnitExtensions\Attributes\TestEnumerator.cs:44 ]]></stack-trace>
              </failure>
            </test-case>
            <test-case id="1014" name="PilotGrayboxUsesAxisLabelsAndKeepsPupilsInsideTheEyes" fullname="KeepBlinking.Tests.CareStationGrayboxPlayModeTests.PilotGrayboxUsesAxisLabelsAndKeepsPupilsInsideTheEyes" methodname="PilotGrayboxUsesAxisLabelsAndKeepsPupilsInsideTheEyes" classname="KeepBlinking.Tests.CareStationGrayboxPlayModeTests" runstate="Runnable" seed="1116985765" result="Passed" start-time="2026-08-31 10:40:01Z" end-time="2026-08-31 10:40:01Z" duration="0.036899" asserts="0">
              <properties>
                <property name="_JOINTYPE" value="UnityCombinatorial" />
                <property name="retryIteration" value="0" />
                <property name="repeatIteration" value="0" />
              </properties>
            </test-case>
            <test-case id="1013" name="PilotStepAdvancesOnlyToAdjacentGuidedWithoutProducingBottles" fullname="KeepBlinking.Tests.CareStationGrayboxPlayModeTests.PilotStepAdvancesOnlyToAdjacentGuidedWithoutProducingBottles" methodname="PilotStepAdvancesOnlyToAdjacentGuidedWithoutProducingBottles" classname="KeepBlinking.Tests.CareStationGrayboxPlayModeTests" runstate="Runnable" seed="1793284952" result="Passed" start-time="2026-08-31 10:40:01Z" end-time="2026-08-31 10:40:01Z" duration="0.005533" asserts="0">
              <properties>
                <property name="_JOINTYPE" value="UnityCombinatorial" />
                <property name="retryIteration" value="0" />
                <property name="repeatIteration" value="0" />
              </properties>
            </test-case>
            <test-case id="1016" name="PilotToGuidedKeepsOneFullscreenOverlayUntilReliableOpenCompletes" fullname="KeepBlinking.Tests.CareStationGrayboxPlayModeTests.PilotToGuidedKeepsOneFullscreenOverlayUntilReliableOpenCompletes" methodname="PilotToGuidedKeepsOneFullscreenOverlayUntilReliableOpenCompletes" classname="KeepBlinking.Tests.CareStationGrayboxPlayModeTests" runstate="Runnable" seed="417536927" result="Passed" start-time="2026-08-31 10:40:01Z" end-time="2026-08-31 10:40:01Z" duration="0.540183" asserts="0">
              <properties>
                <property name="_JOINTYPE" value="UnityCombinatorial" />
                <property name="retryIteration" value="0" />
                <property name="repeatIteration" value="0" />
              </properties>
            </test-case>
            <test-case id="1006" name="PushTimelineUsesAwayThenNewCloserOrigin" fullname="KeepBlinking.Tests.CareStationGrayboxPlayModeTests.PushTimelineUsesAwayThenNewCloserOrigin" methodname="PushTimelineUsesAwayThenNewCloserOrigin" classname="KeepBlinking.Tests.CareStationGrayboxPlayModeTests" runstate="Runnable" seed="566410285" result="Passed" start-time="2026-08-31 10:40:01Z" end-time="2026-08-31 10:40:01Z" duration="0.004336" asserts="0">
              <properties>
                <property name="_JOINTYPE" value="UnityCombinatorial" />
                <property name="retryIteration" value="0" />
                <property name="repeatIteration" value="0" />
              </properties>
            </test-case>
            <test-case id="1017" name="RecipeOnlyUnlocksCareBottleProductionAfterItsFinalAction" fullname="KeepBlinking.Tests.CareStationGrayboxPlayModeTests.RecipeOnlyUnlocksCareBottleProductionAfterItsFinalAction" methodname="RecipeOnlyUnlocksCareBottleProductionAfterItsFinalAction" classname="KeepBlinking.Tests.CareStationGrayboxPlayModeTests" runstate="Runnable" seed="1115390786" result="Passed" start-time="2026-08-31 10:40:01Z" end-time="2026-08-31 10:40:01Z" duration="0.004021" asserts="0">
              <properties>
                <property name="_JOINTYPE" value="UnityCombinatorial" />
                <property name="retryIteration" value="0" />
                <property name="repeatIteration" value="0" />
              </properties>
            </test-case>
            <test-case id="1018" name="RecipeViewShowsTrainingAndPipelineProgressWithoutChangingResources" fullname="KeepBlinking.Tests.CareStationGrayboxPlayModeTests.RecipeViewShowsTrainingAndPipelineProgressWithoutChangingResources" methodname="RecipeViewShowsTrainingAndPipelineProgressWithoutChangingResources" classname="KeepBlinking.Tests.CareStationGrayboxPlayModeTests" runstate="Runnable" seed="791325006" result="Passed" start-time="2026-08-31 10:40:01Z" end-time="2026-08-31 10:40:01Z" duration="0.040936" asserts="0">
              <properties>
                <property name="_JOINTYPE" value="UnityCombinatorial" />
                <property name="retryIteration" value="0" />
                <property name="repeatIteration" value="0" />
              </properties>
            </test-case>
            <test-case id="1021" name="RetiredScreenTaskAndDeveloperSkipAreNotAvailable" fullname="KeepBlinking.Tests.CareStationGrayboxPlayModeTests.RetiredScreenTaskAndDeveloperSkipAreNotAvailable" methodname="RetiredScreenTaskAndDeveloperSkipAreNotAvailable" classname="KeepBlinking.Tests.CareStationGrayboxPlayModeTests" runstate="Runnable" seed="2058061110" result="Passed" start-time="2026-08-31 10:40:01Z" end-time="2026-08-31 10:40:01Z" duration="0.038237" asserts="0">
              <properties>
                <property name="_JOINTYPE" value="UnityCombinatorial" />
                <property name="retryIteration" value="0" />
                <property name="repeatIteration" value="0" />
              </properties>
            </test-case>
            <test-case id="1019" name="StationInspectionCompletesFourActionsBeforeRewardCanSettle" fullname="KeepBlinking.Tests.CareStationGrayboxPlayModeTests.StationInspectionCompletesFourActionsBeforeRewardCanSettle" methodname="StationInspectionCompletesFourActionsBeforeRewardCanSettle" classname="KeepBlinking.Tests.CareStationGrayboxPlayModeTests" runstate="Runnable" seed="817361970" result="Passed" start-time="2026-08-31 10:40:01Z" end-time="2026-08-31 10:40:01Z" duration="0.006311" asserts="0">
              <properties>
                <property name="_JOINTYPE" value="UnityCombinatorial" />
                <property name="retryIteration" value="0" />
                <property name="repeatIteration" value="0" />
              </properties>
            </test-case>
            <test-case id="1003" name="ThreeShiftGrayboxLoopSettlesOnArrivalThenContinues" fullname="KeepBlinking.Tests.CareStationGrayboxPlayModeTests.ThreeShiftGrayboxLoopSettlesOnArrivalThenContinues" methodname="ThreeShiftGrayboxLoopSettlesOnArrivalThenContinues" classname="KeepBlinking.Tests.CareStationGrayboxPlayModeTests" runstate="Runnable" seed="507367590" result="Passed" start-time="2026-08-31 10:40:01Z" end-time="2026-08-31 10:40:01Z" duration="0.004107" asserts="0">
              <properties>
                <property name="_JOINTYPE" value="UnityCombinatorial" />
                <property name="retryIteration" value="0" />
                <property name="repeatIteration" value="0" />
              </properties>
            </test-case>
            <test-case id="1009" name="UnifiedCareActionLibraryCompletesWithoutChangingStationResources" fullname="KeepBlinking.Tests.CareStationGrayboxPlayModeTests.UnifiedCareActionLibraryCompletesWithoutChangingStationResources" methodname="UnifiedCareActionLibraryCompletesWithoutChangingStationResources" classname="KeepBlinking.Tests.CareStationGrayboxPlayModeTests" runstate="Runnable" seed="617234500" result="Passed" start-time="2026-08-31 10:40:01Z" end-time="2026-08-31 10:40:01Z" duration="0.003793" asserts="0">
              <properties>
                <property name="_JOINTYPE" value="UnityCombinatorial" />
                <property name="retryIteration" value="0" />
                <property name="repeatIteration" value="0" />
              </properties>
            </test-case>
            <test-case id="1002" name="UnifiedClosedEyeRunnerPlaysEachCueOnlyOnce" fullname="KeepBlinking.Tests.CareStationGrayboxPlayModeTests.UnifiedClosedEyeRunnerPlaysEachCueOnlyOnce" methodname="UnifiedClosedEyeRunnerPlaysEachCueOnlyOnce" classname="KeepBlinking.Tests.CareStationGrayboxPlayModeTests" runstate="Runnable" seed="1326374250" result="Passed" start-time="2026-08-31 10:40:01Z" end-time="2026-08-31 10:40:01Z" duration="0.039227" asserts="0">
              <properties>
                <property name="_JOINTYPE" value="UnityCombinatorial" />
                <property name="retryIteration" value="0" />
                <property name="repeatIteration" value="0" />
              </properties>
              <output><![CDATA[[CareVoice:rest-close] GENTLY CLOSE YOUR EYES.
[CareVoice:rest-ready-open] REST COMPLETE. GENTLY OPEN YOUR EYES.
]]></output>
            </test-case>
            <test-case id="1026" name="UpgradeOverlayKeepsNavigationAndBackToStationClickable" fullname="KeepBlinking.Tests.CareStationGrayboxPlayModeTests.UpgradeOverlayKeepsNavigationAndBackToStationClickable" methodname="UpgradeOverlayKeepsNavigationAndBackToStationClickable" classname="KeepBlinking.Tests.CareStationGrayboxPlayModeTests" runstate="Runnable" seed="1613489918" result="Failed" start-time="2026-08-31 10:40:01Z" end-time="2026-08-31 10:40:01Z" duration="0.036986" asserts="0">
              <properties>
                <property name="_JOINTYPE" value="UnityCombinatorial" />
                <property name="retryIteration" value="0" />
                <property name="repeatIteration" value="0" />
              </properties>
              <failure>
                <message><![CDATA[  Expected: True
  But was:  False
]]></message>
                <stack-trace><![CDATA[at KeepBlinking.Tests.CareStationGrayboxPlayModeTests+<UpgradeOverlayKeepsNavigationAndBackToStationClickable>d__28.MoveNext () [0x00120] in D:\111\KeepBlinking\Assets\KeepBlinking\Tests\PlayMode\CareStationGrayboxPlayModeTests.cs:995
at UnityEngine.TestTools.TestEnumerator+<Execute>d__7.MoveNext () [0x0003a] in .\Library\PackageCache\com.unity.test-framework@7056e7f856e9\UnityEngine.TestRunner\NUnitExtensions\Attributes\TestEnumerator.cs:44
]]></stack-trace>
              </failure>
            </test-case>
            <test-case id="1010" name="WorkerLevelsRemainEconomicDataWhileWorkshopWorkersStayHidden" fullname="KeepBlinking.Tests.CareStationGrayboxPlayModeTests.WorkerLevelsRemainEconomicDataWhileWorkshopWorkersStayHidden" methodname="WorkerLevelsRemainEconomicDataWhileWorkshopWorkersStayHidden" classname="KeepBlinking.Tests.CareStationGrayboxPlayModeTests" runstate="Runnable" seed="98525147" result="Failed" start-time="2026-08-31 10:40:01Z" end-time="2026-08-31 10:40:01Z" duration="0.032192" asserts="0">
              <properties>
                <property name="_JOINTYPE" value="UnityCombinatorial" />
                <property name="retryIteration" value="0" />
                <property name="repeatIteration" value="0" />
              </properties>
              <failure>
                <message><![CDATA[  Only the three invisible handoff interface anchors carry Worker names in this pass.
  Expected: 3
  But was:  4
]]></message>
                <stack-trace><![CDATA[at KeepBlinking.Tests.CareStationGrayboxPlayModeTests+<WorkerLevelsRemainEconomicDataWhileWorkshopWorkersStayHidden>d__9.MoveNext () [0x000d7] in D:\111\KeepBlinking\Assets\KeepBlinking\Tests\PlayMode\CareStationGrayboxPlayModeTests.cs:352
at UnityEngine.TestTools.TestEnumerator+<Execute>d__7.MoveNext () [0x0003a] in .\Library\PackageCache\com.unity.test-framework@7056e7f856e9\UnityEngine.TestRunner\NUnitExtensions\Attributes\TestEnumerator.cs:44
]]></stack-trace>
              </failure>
            </test-case>
            <test-case id="1008" name="WorkshopStationVisualPassHidesLegacyWorkers" fullname="KeepBlinking.Tests.CareStationGrayboxPlayModeTests.WorkshopStationVisualPassHidesLegacyWorkers" methodname="WorkshopStationVisualPassHidesLegacyWorkers" classname="KeepBlinking.Tests.CareStationGrayboxPlayModeTests" runstate="Runnable" seed="695637902" result="Passed" start-time="2026-08-31 10:40:01Z" end-time="2026-08-31 10:40:01Z" duration="0.042014" asserts="0">
              <properties>
                <property name="_JOINTYPE" value="UnityCombinatorial" />
                <property name="retryIteration" value="0" />
                <property name="repeatIteration" value="0" />
              </properties>
              <output><![CDATA[<b><color=#2EA3FF>MCP-FOR-UNITY</color></b>: [TestRunnerNoThrottle] Restored Interaction Mode after test run.
Saving results to: C:/Users/yuyixuan/AppData/LocalLow/DefaultCompany/KeepBlinking\TestResults.xml
]]></output>
            </test-case>
          </test-suite>
        </test-suite>
      </test-suite>
    </test-suite>
  </test-suite>
</test-run>